2020-10-26 11:23:04,286 0      [           main] DEBUG ClassPathXmlApplicationContext  - Refreshing org.springframework.context.support.ClassPathXmlApplicationContext@e2d56bf
2020-10-26 11:23:04,446 160    [           main] DEBUG ry.xml.XmlBeanDefinitionReader  - Loaded 4 bean definitions from class path resource [applicationContext.xml]
2020-10-26 11:23:04,493 207    [           main] DEBUG ort.DefaultListableBeanFactory  - Creating shared instance of singleton bean 'address'
2020-10-26 11:23:04,528 242    [           main] DEBUG ort.DefaultListableBeanFactory  - Creating shared instance of singleton bean 'customer'
2020-10-26 11:23:04,547 261    [           main] DEBUG ort.DefaultListableBeanFactory  - Creating shared instance of singleton bean 'conn'
2020-10-27 17:38:23,167 0      [           main] DEBUG ClassPathXmlApplicationContext  - Refreshing org.springframework.context.support.ClassPathXmlApplicationContext@47f37ef1
2020-10-27 17:38:23,352 185    [           main] DEBUG ry.xml.XmlBeanDefinitionReader  - Loaded 8 bean definitions from class path resource [applicationContext.xml]
2020-10-27 17:38:23,381 214    [           main] DEBUG ort.DefaultListableBeanFactory  - Creating shared instance of singleton bean 'org.springframework.aop.config.internalAutoProxyCreator'
2020-10-27 17:38:23,436 269    [           main] DEBUG ort.DefaultListableBeanFactory  - Creating shared instance of singleton bean 'userService'
2020-10-27 17:38:23,436 269    [           main] DEBUG ort.DefaultListableBeanFactory  - Creating shared instance of singleton bean 'org.springframework.aop.support.DefaultBeanFactoryPointcutAdvisor#0'
2020-10-27 17:38:23,535 368    [           main] DEBUG ort.DefaultListableBeanFactory  - Creating shared instance of singleton bean 'arround'
2020-10-27 17:38:23,546 379    [           main] DEBUG ort.DefaultListableBeanFactory  - Creating shared instance of singleton bean 'orderService'
2020-10-27 17:38:23,549 382    [           main] DEBUG ort.DefaultListableBeanFactory  - Creating shared instance of singleton bean 'before'
2020-10-27 17:38:23,549 382    [           main] DEBUG ort.DefaultListableBeanFactory  - Creating shared instance of singleton bean 'beforeNew'
2020-10-27 17:38:43,200 0      [           main] DEBUG ClassPathXmlApplicationContext  - Refreshing org.springframework.context.support.ClassPathXmlApplicationContext@47f37ef1
2020-10-27 17:38:43,384 184    [           main] DEBUG ry.xml.XmlBeanDefinitionReader  - Loaded 8 bean definitions from class path resource [applicationContext.xml]
2020-10-27 17:38:43,414 214    [           main] DEBUG ort.DefaultListableBeanFactory  - Creating shared instance of singleton bean 'org.springframework.aop.config.internalAutoProxyCreator'
2020-10-27 17:38:43,479 279    [           main] DEBUG ort.DefaultListableBeanFactory  - Creating shared instance of singleton bean 'userService'
2020-10-27 17:38:43,479 279    [           main] DEBUG ort.DefaultListableBeanFactory  - Creating shared instance of singleton bean 'org.springframework.aop.support.DefaultBeanFactoryPointcutAdvisor#0'
2020-10-27 17:38:43,586 386    [           main] DEBUG ort.DefaultListableBeanFactory  - Creating shared instance of singleton bean 'arround'
2020-10-27 17:38:43,597 397    [           main] DEBUG ort.DefaultListableBeanFactory  - Creating shared instance of singleton bean 'orderService'
2020-10-27 17:38:43,600 400    [           main] DEBUG ort.DefaultListableBeanFactory  - Creating shared instance of singleton bean 'before'
2020-10-27 17:38:43,600 400    [           main] DEBUG ort.DefaultListableBeanFactory  - Creating shared instance of singleton bean 'beforeNew'
2020-10-27 17:38:47,530 0      [           main] DEBUG ClassPathXmlApplicationContext  - Refreshing org.springframework.context.support.ClassPathXmlApplicationContext@47f37ef1
2020-10-27 17:38:47,705 175    [           main] DEBUG ry.xml.XmlBeanDefinitionReader  - Loaded 8 bean definitions from class path resource [applicationContext.xml]
2020-10-27 17:38:47,730 200    [           main] DEBUG ort.DefaultListableBeanFactory  - Creating shared instance of singleton bean 'org.springframework.aop.config.internalAutoProxyCreator'
2020-10-27 17:38:47,782 252    [           main] DEBUG ort.DefaultListableBeanFactory  - Creating shared instance of singleton bean 'userService'
2020-10-27 17:38:47,783 253    [           main] DEBUG ort.DefaultListableBeanFactory  - Creating shared instance of singleton bean 'org.springframework.aop.support.DefaultBeanFactoryPointcutAdvisor#0'
2020-10-27 17:38:47,879 349    [           main] DEBUG ort.DefaultListableBeanFactory  - Creating shared instance of singleton bean 'arround'
2020-10-27 17:38:47,890 360    [           main] DEBUG ort.DefaultListableBeanFactory  - Creating shared instance of singleton bean 'orderService'
2020-10-27 17:38:47,894 364    [           main] DEBUG ort.DefaultListableBeanFactory  - Creating shared instance of singleton bean 'before'
2020-10-27 17:38:47,894 364    [           main] DEBUG ort.DefaultListableBeanFactory  - Creating shared instance of singleton bean 'beforeNew'
2020-10-27 17:46:57,649 1      [           main] DEBUG ClassPathXmlApplicationContext  - Refreshing org.springframework.context.support.ClassPathXmlApplicationContext@47f37ef1
2020-10-27 17:46:57,845 197    [           main] DEBUG ry.xml.XmlBeanDefinitionReader  - Loaded 12 bean definitions from class path resource [applicationContext.xml]
2020-10-27 17:46:57,891 243    [           main] DEBUG ort.DefaultListableBeanFactory  - Creating shared instance of singleton bean 'org.springframework.aop.config.internalAutoProxyCreator'
2020-10-27 17:46:57,954 306    [           main] DEBUG ort.DefaultListableBeanFactory  - Creating shared instance of singleton bean 'userService'
2020-10-27 17:46:57,954 306    [           main] DEBUG ort.DefaultListableBeanFactory  - Creating shared instance of singleton bean 'org.springframework.aop.support.DefaultBeanFactoryPointcutAdvisor#0'
2020-10-27 17:46:57,975 327    [           main] DEBUG ort.DefaultListableBeanFactory  - Creating shared instance of singleton bean 'org.springframework.aop.support.DefaultBeanFactoryPointcutAdvisor#1'
2020-10-27 17:46:57,975 327    [           main] DEBUG ort.DefaultListableBeanFactory  - Creating shared instance of singleton bean 'org.springframework.aop.support.DefaultBeanFactoryPointcutAdvisor#2'
2020-10-27 17:46:58,102 454    [           main] DEBUG ort.DefaultListableBeanFactory  - Creating shared instance of singleton bean 'before'
2020-10-27 17:46:58,105 457    [           main] DEBUG ort.DefaultListableBeanFactory  - Creating shared instance of singleton bean 'beforeNew'
2020-10-27 17:46:58,106 458    [           main] DEBUG ort.DefaultListableBeanFactory  - Creating shared instance of singleton bean 'arround'
2020-10-27 17:46:58,123 475    [           main] DEBUG ort.DefaultListableBeanFactory  - Creating shared instance of singleton bean 'orderService'
2020-10-27 17:47:19,990 0      [           main] DEBUG ClassPathXmlApplicationContext  - Refreshing org.springframework.context.support.ClassPathXmlApplicationContext@47f37ef1
2020-10-27 17:47:20,163 173    [           main] DEBUG ry.xml.XmlBeanDefinitionReader  - Loaded 8 bean definitions from class path resource [applicationContext.xml]
2020-10-27 17:47:20,192 202    [           main] DEBUG ort.DefaultListableBeanFactory  - Creating shared instance of singleton bean 'org.springframework.aop.config.internalAutoProxyCreator'
2020-10-27 17:47:20,245 255    [           main] DEBUG ort.DefaultListableBeanFactory  - Creating shared instance of singleton bean 'userService'
2020-10-27 17:47:20,245 255    [           main] DEBUG ort.DefaultListableBeanFactory  - Creating shared instance of singleton bean 'org.springframework.aop.support.DefaultBeanFactoryPointcutAdvisor#0'
2020-10-27 17:47:20,356 366    [           main] DEBUG ort.DefaultListableBeanFactory  - Creating shared instance of singleton bean 'before'
2020-10-27 17:47:20,369 379    [           main] DEBUG ort.DefaultListableBeanFactory  - Creating shared instance of singleton bean 'orderService'
2020-10-27 17:47:20,372 382    [           main] DEBUG ort.DefaultListableBeanFactory  - Creating shared instance of singleton bean 'beforeNew'
2020-10-27 17:47:20,372 382    [           main] DEBUG ort.DefaultListableBeanFactory  - Creating shared instance of singleton bean 'arround'
2020-10-27 17:47:58,036 0      [           main] DEBUG ClassPathXmlApplicationContext  - Refreshing org.springframework.context.support.ClassPathXmlApplicationContext@47f37ef1
2020-10-27 17:47:58,206 170    [           main] DEBUG ry.xml.XmlBeanDefinitionReader  - Loaded 8 bean definitions from class path resource [applicationContext.xml]
2020-10-27 17:47:58,231 195    [           main] DEBUG ort.DefaultListableBeanFactory  - Creating shared instance of singleton bean 'org.springframework.aop.config.internalAutoProxyCreator'
2020-10-27 17:47:58,288 252    [           main] DEBUG ort.DefaultListableBeanFactory  - Creating shared instance of singleton bean 'userService'
2020-10-27 17:47:58,289 253    [           main] DEBUG ort.DefaultListableBeanFactory  - Creating shared instance of singleton bean 'org.springframework.aop.support.DefaultBeanFactoryPointcutAdvisor#0'
2020-10-27 17:47:58,406 370    [           main] DEBUG ort.DefaultListableBeanFactory  - Creating shared instance of singleton bean 'arround'
2020-10-27 17:47:58,420 384    [           main] DEBUG ort.DefaultListableBeanFactory  - Creating shared instance of singleton bean 'orderService'
2020-10-27 17:47:58,423 387    [           main] DEBUG ort.DefaultListableBeanFactory  - Creating shared instance of singleton bean 'before'
2020-10-27 17:47:58,423 387    [           main] DEBUG ort.DefaultListableBeanFactory  - Creating shared instance of singleton bean 'beforeNew'
2020-10-27 17:48:15,397 0      [           main] DEBUG ClassPathXmlApplicationContext  - Refreshing org.springframework.context.support.ClassPathXmlApplicationContext@47f37ef1
2020-10-27 17:48:15,552 155    [           main] DEBUG ry.xml.XmlBeanDefinitionReader  - Loaded 8 bean definitions from class path resource [applicationContext.xml]
2020-10-27 17:48:15,573 176    [           main] DEBUG ort.DefaultListableBeanFactory  - Creating shared instance of singleton bean 'org.springframework.aop.config.internalAutoProxyCreator'
2020-10-27 17:48:15,618 221    [           main] DEBUG ort.DefaultListableBeanFactory  - Creating shared instance of singleton bean 'userService'
2020-10-27 17:48:15,619 222    [           main] DEBUG ort.DefaultListableBeanFactory  - Creating shared instance of singleton bean 'org.springframework.aop.support.DefaultBeanFactoryPointcutAdvisor#0'
2020-10-27 17:48:15,715 318    [           main] DEBUG ort.DefaultListableBeanFactory  - Creating shared instance of singleton bean 'arround'
2020-10-27 17:48:15,725 328    [           main] DEBUG ort.DefaultListableBeanFactory  - Creating shared instance of singleton bean 'orderService'
2020-10-27 17:48:15,727 330    [           main] DEBUG ort.DefaultListableBeanFactory  - Creating shared instance of singleton bean 'before'
2020-10-27 17:48:15,727 330    [           main] DEBUG ort.DefaultListableBeanFactory  - Creating shared instance of singleton bean 'beforeNew'
2020-10-27 17:48:26,568 0      [           main] DEBUG ClassPathXmlApplicationContext  - Refreshing org.springframework.context.support.ClassPathXmlApplicationContext@47f37ef1
2020-10-27 17:48:26,716 148    [           main] DEBUG ry.xml.XmlBeanDefinitionReader  - Loaded 8 bean definitions from class path resource [applicationContext.xml]
2020-10-27 17:48:26,736 168    [           main] DEBUG ort.DefaultListableBeanFactory  - Creating shared instance of singleton bean 'org.springframework.aop.config.internalAutoProxyCreator'
2020-10-27 17:48:26,781 213    [           main] DEBUG ort.DefaultListableBeanFactory  - Creating shared instance of singleton bean 'userService'
2020-10-27 17:48:26,782 214    [           main] DEBUG ort.DefaultListableBeanFactory  - Creating shared instance of singleton bean 'org.springframework.aop.support.DefaultBeanFactoryPointcutAdvisor#0'
2020-10-27 17:48:26,896 328    [           main] DEBUG ort.DefaultListableBeanFactory  - Creating shared instance of singleton bean 'arround'
2020-10-27 17:48:26,910 342    [           main] DEBUG ort.DefaultListableBeanFactory  - Creating shared instance of singleton bean 'orderService'
2020-10-27 17:48:26,913 345    [           main] DEBUG ort.DefaultListableBeanFactory  - Creating shared instance of singleton bean 'before'
2020-10-27 17:48:26,913 345    [           main] DEBUG ort.DefaultListableBeanFactory  - Creating shared instance of singleton bean 'beforeNew'
2020-10-27 17:52:31,480 0      [           main] DEBUG ClassPathXmlApplicationContext  - Refreshing org.springframework.context.support.ClassPathXmlApplicationContext@47f37ef1
2020-10-27 17:52:31,649 169    [           main] DEBUG ry.xml.XmlBeanDefinitionReader  - Loaded 8 bean definitions from class path resource [applicationContext.xml]
2020-10-27 17:52:31,678 198    [           main] DEBUG ort.DefaultListableBeanFactory  - Creating shared instance of singleton bean 'org.springframework.aop.config.internalAutoProxyCreator'
2020-10-27 17:52:31,731 251    [           main] DEBUG ort.DefaultListableBeanFactory  - Creating shared instance of singleton bean 'userService'
2020-10-27 17:52:31,731 251    [           main] DEBUG ort.DefaultListableBeanFactory  - Creating shared instance of singleton bean 'org.springframework.aop.support.DefaultBeanFactoryPointcutAdvisor#0'
2020-10-27 17:52:31,850 370    [           main] DEBUG ort.DefaultListableBeanFactory  - Creating shared instance of singleton bean 'arround'
2020-10-27 17:52:31,864 384    [           main] DEBUG ort.DefaultListableBeanFactory  - Creating shared instance of singleton bean 'orderService'
2020-10-27 17:52:31,867 387    [           main] DEBUG ort.DefaultListableBeanFactory  - Creating shared instance of singleton bean 'before'
2020-10-27 17:52:31,867 387    [           main] DEBUG ort.DefaultListableBeanFactory  - Creating shared instance of singleton bean 'beforeNew'
2020-10-27 17:53:27,292 0      [           main] DEBUG ClassPathXmlApplicationContext  - Refreshing org.springframework.context.support.ClassPathXmlApplicationContext@47f37ef1
2020-10-27 17:53:27,445 153    [           main] DEBUG ry.xml.XmlBeanDefinitionReader  - Loaded 8 bean definitions from class path resource [applicationContext.xml]
2020-10-27 17:53:27,471 179    [           main] DEBUG ort.DefaultListableBeanFactory  - Creating shared instance of singleton bean 'org.springframework.aop.config.internalAutoProxyCreator'
2020-10-27 17:53:27,520 228    [           main] DEBUG ort.DefaultListableBeanFactory  - Creating shared instance of singleton bean 'userService'
2020-10-27 17:53:27,521 229    [           main] DEBUG ort.DefaultListableBeanFactory  - Creating shared instance of singleton bean 'org.springframework.aop.support.DefaultBeanFactoryPointcutAdvisor#0'
2020-10-27 17:53:27,635 343    [           main] DEBUG ort.DefaultListableBeanFactory  - Creating shared instance of singleton bean 'arround'
2020-10-27 17:53:27,649 357    [           main] DEBUG ort.DefaultListableBeanFactory  - Creating shared instance of singleton bean 'orderService'
2020-10-27 17:53:27,651 359    [           main] DEBUG ort.DefaultListableBeanFactory  - Creating shared instance of singleton bean 'before'
2020-10-27 17:53:27,652 360    [           main] DEBUG ort.DefaultListableBeanFactory  - Creating shared instance of singleton bean 'beforeNew'
2020-10-27 17:53:38,975 0      [           main] DEBUG ClassPathXmlApplicationContext  - Refreshing org.springframework.context.support.ClassPathXmlApplicationContext@47f37ef1
2020-10-27 17:53:39,133 158    [           main] DEBUG ry.xml.XmlBeanDefinitionReader  - Loaded 8 bean definitions from class path resource [applicationContext.xml]
2020-10-27 17:53:39,155 180    [           main] DEBUG ort.DefaultListableBeanFactory  - Creating shared instance of singleton bean 'org.springframework.aop.config.internalAutoProxyCreator'
2020-10-27 17:53:39,206 231    [           main] DEBUG ort.DefaultListableBeanFactory  - Creating shared instance of singleton bean 'userService'
2020-10-27 17:53:39,206 231    [           main] DEBUG ort.DefaultListableBeanFactory  - Creating shared instance of singleton bean 'org.springframework.aop.support.DefaultBeanFactoryPointcutAdvisor#0'
2020-10-27 17:53:39,318 343    [           main] DEBUG ort.DefaultListableBeanFactory  - Creating shared instance of singleton bean 'arround'
2020-10-27 17:53:39,331 356    [           main] DEBUG ort.DefaultListableBeanFactory  - Creating shared instance of singleton bean 'orderService'
2020-10-27 17:53:39,333 358    [           main] DEBUG ort.DefaultListableBeanFactory  - Creating shared instance of singleton bean 'before'
2020-10-27 17:53:39,334 359    [           main] DEBUG ort.DefaultListableBeanFactory  - Creating shared instance of singleton bean 'beforeNew'
2020-10-27 17:53:53,719 0      [           main] DEBUG ClassPathXmlApplicationContext  - Refreshing org.springframework.context.support.ClassPathXmlApplicationContext@47f37ef1
2020-10-27 17:53:53,884 165    [           main] DEBUG ry.xml.XmlBeanDefinitionReader  - Loaded 8 bean definitions from class path resource [applicationContext.xml]
2020-10-27 17:53:53,906 187    [           main] DEBUG ort.DefaultListableBeanFactory  - Creating shared instance of singleton bean 'org.springframework.aop.config.internalAutoProxyCreator'
2020-10-27 17:53:53,952 233    [           main] DEBUG ort.DefaultListableBeanFactory  - Creating shared instance of singleton bean 'userService'
2020-10-27 17:53:53,953 234    [           main] DEBUG ort.DefaultListableBeanFactory  - Creating shared instance of singleton bean 'org.springframework.aop.support.DefaultBeanFactoryPointcutAdvisor#0'
2020-10-27 17:53:54,052 333    [           main] DEBUG ort.DefaultListableBeanFactory  - Creating shared instance of singleton bean 'arround'
2020-10-27 17:53:54,064 345    [           main] DEBUG ort.DefaultListableBeanFactory  - Creating shared instance of singleton bean 'orderService'
2020-10-27 17:53:54,068 349    [           main] DEBUG ort.DefaultListableBeanFactory  - Creating shared instance of singleton bean 'before'
2020-10-27 17:53:54,068 349    [           main] DEBUG ort.DefaultListableBeanFactory  - Creating shared instance of singleton bean 'beforeNew'
2020-10-27 17:54:07,188 0      [           main] DEBUG ClassPathXmlApplicationContext  - Refreshing org.springframework.context.support.ClassPathXmlApplicationContext@47f37ef1
2020-10-27 17:54:07,342 154    [           main] DEBUG ry.xml.XmlBeanDefinitionReader  - Loaded 8 bean definitions from class path resource [applicationContext.xml]
2020-10-27 17:54:07,367 179    [           main] DEBUG ort.DefaultListableBeanFactory  - Creating shared instance of singleton bean 'org.springframework.aop.config.internalAutoProxyCreator'
2020-10-27 17:54:07,419 231    [           main] DEBUG ort.DefaultListableBeanFactory  - Creating shared instance of singleton bean 'userService'
2020-10-27 17:54:07,419 231    [           main] DEBUG ort.DefaultListableBeanFactory  - Creating shared instance of singleton bean 'org.springframework.aop.support.DefaultBeanFactoryPointcutAdvisor#0'
2020-10-27 17:54:07,526 338    [           main] DEBUG ort.DefaultListableBeanFactory  - Creating shared instance of singleton bean 'orderService'
2020-10-27 17:54:07,527 339    [           main] DEBUG ort.DefaultListableBeanFactory  - Creating shared instance of singleton bean 'before'
2020-10-27 17:54:07,527 339    [           main] DEBUG ort.DefaultListableBeanFactory  - Creating shared instance of singleton bean 'beforeNew'
2020-10-27 17:54:07,528 340    [           main] DEBUG ort.DefaultListableBeanFactory  - Creating shared instance of singleton bean 'arround'
2020-10-27 17:58:06,923 0      [           main] DEBUG ClassPathXmlApplicationContext  - Refreshing org.springframework.context.support.ClassPathXmlApplicationContext@47f37ef1
2020-10-27 17:58:07,079 156    [           main] DEBUG ry.xml.XmlBeanDefinitionReader  - Loaded 8 bean definitions from class path resource [applicationContext.xml]
2020-10-27 17:58:07,108 185    [           main] DEBUG ort.DefaultListableBeanFactory  - Creating shared instance of singleton bean 'org.springframework.aop.config.internalAutoProxyCreator'
2020-10-27 17:58:07,167 244    [           main] DEBUG ort.DefaultListableBeanFactory  - Creating shared instance of singleton bean 'userService'
2020-10-27 17:58:07,168 245    [           main] DEBUG ort.DefaultListableBeanFactory  - Creating shared instance of singleton bean 'org.springframework.aop.support.DefaultBeanFactoryPointcutAdvisor#0'
2020-10-27 17:58:07,282 359    [           main] DEBUG ort.DefaultListableBeanFactory  - Creating shared instance of singleton bean 'arround'
2020-10-27 17:58:07,295 372    [           main] DEBUG ort.DefaultListableBeanFactory  - Creating shared instance of singleton bean 'orderService'
2020-10-27 17:58:07,297 374    [           main] DEBUG ort.DefaultListableBeanFactory  - Creating shared instance of singleton bean 'before'
2020-10-27 17:58:07,298 375    [           main] DEBUG ort.DefaultListableBeanFactory  - Creating shared instance of singleton bean 'beforeNew'
2020-10-27 19:26:28,572 0      [           main] DEBUG ClassPathXmlApplicationContext  - Refreshing org.springframework.context.support.ClassPathXmlApplicationContext@47f37ef1
2020-10-27 19:26:28,728 156    [           main] DEBUG ry.xml.XmlBeanDefinitionReader  - Loaded 8 bean definitions from class path resource [applicationContext.xml]
2020-10-27 19:26:28,753 181    [           main] DEBUG ort.DefaultListableBeanFactory  - Creating shared instance of singleton bean 'org.springframework.aop.config.internalAutoProxyCreator'
2020-10-27 19:26:28,801 229    [           main] DEBUG ort.DefaultListableBeanFactory  - Creating shared instance of singleton bean 'userService'
2020-10-27 19:26:28,801 229    [           main] DEBUG ort.DefaultListableBeanFactory  - Creating shared instance of singleton bean 'org.springframework.aop.support.DefaultBeanFactoryPointcutAdvisor#0'
2020-10-27 19:26:28,893 321    [           main] DEBUG ort.DefaultListableBeanFactory  - Creating shared instance of singleton bean 'arround'
2020-10-27 19:26:28,904 332    [           main] DEBUG ort.DefaultListableBeanFactory  - Creating shared instance of singleton bean 'orderService'
2020-10-27 19:26:28,904 332    [           main] DEBUG ort.DefaultListableBeanFactory  - Creating shared instance of singleton bean 'before'
2020-10-27 19:26:28,904 332    [           main] DEBUG ort.DefaultListableBeanFactory  - Creating shared instance of singleton bean 'beforeNew'
2020-10-27 19:30:19,083 0      [           main] DEBUG ClassPathXmlApplicationContext  - Refreshing org.springframework.context.support.ClassPathXmlApplicationContext@47f37ef1
2020-10-27 19:30:19,237 154    [           main] DEBUG ry.xml.XmlBeanDefinitionReader  - Loaded 8 bean definitions from class path resource [applicationContext.xml]
2020-10-27 19:30:19,261 178    [           main] DEBUG ort.DefaultListableBeanFactory  - Creating shared instance of singleton bean 'org.springframework.aop.config.internalAutoProxyCreator'
2020-10-27 19:30:19,310 227    [           main] DEBUG ort.DefaultListableBeanFactory  - Creating shared instance of singleton bean 'userService'
2020-10-27 19:30:19,310 227    [           main] DEBUG ort.DefaultListableBeanFactory  - Creating shared instance of singleton bean 'org.springframework.aop.support.DefaultBeanFactoryPointcutAdvisor#0'
2020-10-27 19:30:19,407 324    [           main] DEBUG ort.DefaultListableBeanFactory  - Creating shared instance of singleton bean 'arround'
2020-10-27 19:30:19,417 334    [           main] DEBUG ort.DefaultListableBeanFactory  - Creating shared instance of singleton bean 'orderService'
2020-10-27 19:30:19,417 334    [           main] DEBUG ort.DefaultListableBeanFactory  - Creating shared instance of singleton bean 'before'
2020-10-27 19:30:19,417 334    [           main] DEBUG ort.DefaultListableBeanFactory  - Creating shared instance of singleton bean 'beforeNew'
2020-10-28 10:07:55,406 0      [           main] DEBUG ClassPathXmlApplicationContext  - Refreshing org.springframework.context.support.ClassPathXmlApplicationContext@47f37ef1
2020-10-28 10:07:55,564 158    [           main] DEBUG ry.xml.XmlBeanDefinitionReader  - Loaded 8 bean definitions from class path resource [applicationContext.xml]
2020-10-28 10:07:55,590 184    [           main] DEBUG ort.DefaultListableBeanFactory  - Creating shared instance of singleton bean 'org.springframework.aop.config.internalAutoProxyCreator'
2020-10-28 10:07:55,642 236    [           main] DEBUG ort.DefaultListableBeanFactory  - Creating shared instance of singleton bean 'userService'
2020-10-28 10:07:55,642 236    [           main] DEBUG ort.DefaultListableBeanFactory  - Creating shared instance of singleton bean 'org.springframework.aop.support.DefaultBeanFactoryPointcutAdvisor#0'
2020-10-28 10:07:55,753 347    [           main] DEBUG ort.DefaultListableBeanFactory  - Creating shared instance of singleton bean 'arround'
2020-10-28 10:07:55,766 360    [           main] DEBUG ort.DefaultListableBeanFactory  - Creating shared instance of singleton bean 'orderService'
2020-10-28 10:07:55,766 360    [           main] DEBUG ort.DefaultListableBeanFactory  - Creating shared instance of singleton bean 'before'
2020-10-28 10:07:55,766 360    [           main] DEBUG ort.DefaultListableBeanFactory  - Creating shared instance of singleton bean 'beforeNew'
2020-11-02 09:20:32,601 0      [           main] DEBUG ClassPathXmlApplicationContext  - Refreshing org.springframework.context.support.ClassPathXmlApplicationContext@47f37ef1
2020-11-02 09:20:32,805 204    [           main] DEBUG ry.xml.XmlBeanDefinitionReader  - Loaded 8 bean definitions from class path resource [applicationContext.xml]
2020-11-02 09:20:32,841 240    [           main] DEBUG ort.DefaultListableBeanFactory  - Creating shared instance of singleton bean 'org.springframework.aop.config.internalAutoProxyCreator'
2020-11-02 09:20:32,903 302    [           main] DEBUG ort.DefaultListableBeanFactory  - Creating shared instance of singleton bean 'userService'
2020-11-02 09:20:32,903 302    [           main] DEBUG ort.DefaultListableBeanFactory  - Creating shared instance of singleton bean 'org.springframework.aop.support.DefaultBeanFactoryPointcutAdvisor#0'
2020-11-02 09:20:33,025 424    [           main] DEBUG ort.DefaultListableBeanFactory  - Creating shared instance of singleton bean 'arround'
2020-11-02 09:20:33,036 435    [           main] DEBUG ort.DefaultListableBeanFactory  - Creating shared instance of singleton bean 'orderService'
2020-11-02 09:20:33,039 438    [           main] DEBUG ort.DefaultListableBeanFactory  - Creating shared instance of singleton bean 'before'
2020-11-02 09:20:33,039 438    [           main] DEBUG ort.DefaultListableBeanFactory  - Creating shared instance of singleton bean 'beforeNew'
2020-11-02 09:28:36,866 0      [           main] DEBUG ClassPathXmlApplicationContext  - Refreshing org.springframework.context.support.ClassPathXmlApplicationContext@47f37ef1
2020-11-02 09:28:37,026 160    [           main] DEBUG ry.xml.XmlBeanDefinitionReader  - Loaded 8 bean definitions from class path resource [applicationContext.xml]
2020-11-02 09:28:37,048 182    [           main] DEBUG ort.DefaultListableBeanFactory  - Creating shared instance of singleton bean 'org.springframework.aop.config.internalAutoProxyCreator'
2020-11-02 09:28:37,100 234    [           main] DEBUG ort.DefaultListableBeanFactory  - Creating shared instance of singleton bean 'userService'
2020-11-02 09:28:37,100 234    [           main] DEBUG ort.DefaultListableBeanFactory  - Creating shared instance of singleton bean 'org.springframework.aop.support.DefaultBeanFactoryPointcutAdvisor#0'
2020-11-02 09:28:37,245 379    [           main] DEBUG ort.DefaultListableBeanFactory  - Creating shared instance of singleton bean 'arround'
2020-11-02 09:28:37,256 390    [           main] DEBUG ort.DefaultListableBeanFactory  - Creating shared instance of singleton bean 'orderService'
2020-11-02 09:28:37,258 392    [           main] DEBUG ort.DefaultListableBeanFactory  - Creating shared instance of singleton bean 'before'
2020-11-02 09:28:37,258 392    [           main] DEBUG ort.DefaultListableBeanFactory  - Creating shared instance of singleton bean 'beforeNew'
2020-11-02 09:29:03,595 0      [           main] DEBUG ClassPathXmlApplicationContext  - Refreshing org.springframework.context.support.ClassPathXmlApplicationContext@47f37ef1
2020-11-02 09:29:03,751 156    [           main] DEBUG ry.xml.XmlBeanDefinitionReader  - Loaded 8 bean definitions from class path resource [applicationContext.xml]
2020-11-02 09:29:03,775 180    [           main] DEBUG ort.DefaultListableBeanFactory  - Creating shared instance of singleton bean 'org.springframework.aop.config.internalAutoProxyCreator'
2020-11-02 09:29:03,824 229    [           main] DEBUG ort.DefaultListableBeanFactory  - Creating shared instance of singleton bean 'userService'
2020-11-02 09:29:03,825 230    [           main] DEBUG ort.DefaultListableBeanFactory  - Creating shared instance of singleton bean 'org.springframework.aop.support.DefaultBeanFactoryPointcutAdvisor#0'
2020-11-02 09:29:03,972 377    [           main] DEBUG ort.DefaultListableBeanFactory  - Creating shared instance of singleton bean 'arround'
2020-11-02 09:29:03,992 397    [           main] DEBUG ort.DefaultListableBeanFactory  - Creating shared instance of singleton bean 'orderService'
2020-11-02 09:29:03,995 400    [           main] DEBUG ort.DefaultListableBeanFactory  - Creating shared instance of singleton bean 'before'
2020-11-02 09:29:03,995 400    [           main] DEBUG ort.DefaultListableBeanFactory  - Creating shared instance of singleton bean 'beforeNew'
2020-11-02 09:29:15,920 0      [           main] DEBUG ClassPathXmlApplicationContext  - Refreshing org.springframework.context.support.ClassPathXmlApplicationContext@47f37ef1
2020-11-02 09:29:16,098 178    [           main] DEBUG ry.xml.XmlBeanDefinitionReader  - Loaded 8 bean definitions from class path resource [applicationContext.xml]
2020-11-02 09:29:16,125 205    [           main] DEBUG ort.DefaultListableBeanFactory  - Creating shared instance of singleton bean 'org.springframework.aop.config.internalAutoProxyCreator'
2020-11-02 09:29:16,182 262    [           main] DEBUG ort.DefaultListableBeanFactory  - Creating shared instance of singleton bean 'userService'
2020-11-02 09:29:16,182 262    [           main] DEBUG ort.DefaultListableBeanFactory  - Creating shared instance of singleton bean 'org.springframework.aop.support.DefaultBeanFactoryPointcutAdvisor#0'
2020-11-02 09:29:16,316 396    [           main] DEBUG ort.DefaultListableBeanFactory  - Creating shared instance of singleton bean 'arround'
2020-11-02 09:29:16,327 407    [           main] DEBUG ort.DefaultListableBeanFactory  - Creating shared instance of singleton bean 'orderService'
2020-11-02 09:29:16,329 409    [           main] DEBUG ort.DefaultListableBeanFactory  - Creating shared instance of singleton bean 'before'
2020-11-02 09:29:16,330 410    [           main] DEBUG ort.DefaultListableBeanFactory  - Creating shared instance of singleton bean 'beforeNew'
2020-11-02 09:40:04,617 0      [           main] DEBUG ClassPathXmlApplicationContext  - Refreshing org.springframework.context.support.ClassPathXmlApplicationContext@47f37ef1
2020-11-02 09:40:04,802 185    [           main] DEBUG ry.xml.XmlBeanDefinitionReader  - Loaded 8 bean definitions from class path resource [applicationContext.xml]
2020-11-02 09:40:04,829 212    [           main] DEBUG ort.DefaultListableBeanFactory  - Creating shared instance of singleton bean 'org.springframework.aop.config.internalAutoProxyCreator'
2020-11-02 09:40:04,884 267    [           main] DEBUG ort.DefaultListableBeanFactory  - Creating shared instance of singleton bean 'userService'
2020-11-02 09:40:04,885 268    [           main] DEBUG ort.DefaultListableBeanFactory  - Creating shared instance of singleton bean 'org.springframework.aop.support.DefaultBeanFactoryPointcutAdvisor#0'
2020-11-02 09:40:04,997 380    [           main] DEBUG ort.DefaultListableBeanFactory  - Creating shared instance of singleton bean 'orderService'
2020-11-02 09:40:04,998 381    [           main] DEBUG ort.DefaultListableBeanFactory  - Creating shared instance of singleton bean 'before'
2020-11-02 09:40:04,998 381    [           main] DEBUG ort.DefaultListableBeanFactory  - Creating shared instance of singleton bean 'beforeNew'
2020-11-02 09:40:04,998 381    [           main] DEBUG ort.DefaultListableBeanFactory  - Creating shared instance of singleton bean 'arround'
2020-11-03 09:36:58,741 0      [           main] DEBUG ClassPathXmlApplicationContext  - Refreshing org.springframework.context.support.ClassPathXmlApplicationContext@617c74e5
2020-11-03 09:36:58,884 143    [           main] DEBUG ry.xml.XmlBeanDefinitionReader  - Loaded 8 bean definitions from class path resource [applicationContext.xml]
2020-11-03 09:36:58,902 161    [           main] DEBUG ort.DefaultListableBeanFactory  - Creating shared instance of singleton bean 'org.springframework.aop.config.internalAutoProxyCreator'
2020-11-03 09:36:58,942 201    [           main] DEBUG ort.DefaultListableBeanFactory  - Creating shared instance of singleton bean 'userService'
2020-11-03 09:36:58,942 201    [           main] DEBUG ort.DefaultListableBeanFactory  - Creating shared instance of singleton bean 'org.springframework.aop.support.DefaultBeanFactoryPointcutAdvisor#0'
2020-11-03 09:36:59,059 318    [           main] DEBUG ort.DefaultListableBeanFactory  - Creating shared instance of singleton bean 'orderService'
2020-11-03 09:36:59,059 318    [           main] DEBUG ort.DefaultListableBeanFactory  - Creating shared instance of singleton bean 'before'
2020-11-03 09:36:59,060 319    [           main] DEBUG ort.DefaultListableBeanFactory  - Creating shared instance of singleton bean 'beforeNew'
2020-11-03 09:36:59,060 319    [           main] DEBUG ort.DefaultListableBeanFactory  - Creating shared instance of singleton bean 'arround'
