2020-10-27 16:05:36,269 0      [           main] DEBUG ClassPathXmlApplicationContext  - Refreshing org.springframework.context.support.ClassPathXmlApplicationContext@47f37ef1
2020-10-27 16:05:36,427 158    [           main] DEBUG ry.xml.XmlBeanDefinitionReader  - Loaded 5 bean definitions from class path resource [applicationContext.xml]
2020-10-27 16:05:36,449 180    [           main] DEBUG ort.DefaultListableBeanFactory  - Creating shared instance of singleton bean 'org.springframework.aop.config.internalAutoProxyCreator'
2020-10-27 16:05:36,502 233    [           main] DEBUG ort.DefaultListableBeanFactory  - Creating shared instance of singleton bean 'userService'
2020-10-27 16:05:36,502 233    [           main] DEBUG ort.DefaultListableBeanFactory  - Creating shared instance of singleton bean 'org.springframework.aop.support.DefaultBeanFactoryPointcutAdvisor#0'
2020-10-27 16:05:36,609 340    [           main] DEBUG ort.DefaultListableBeanFactory  - Creating shared instance of singleton bean 'before'
2020-10-27 16:22:16,976 0      [           main] DEBUG ClassPathXmlApplicationContext  - Refreshing org.springframework.context.support.ClassPathXmlApplicationContext@47f37ef1
2020-10-27 16:22:17,139 163    [           main] DEBUG ry.xml.XmlBeanDefinitionReader  - Loaded 6 bean definitions from class path resource [applicationContext.xml]
2020-10-27 16:22:17,159 183    [           main] DEBUG ort.DefaultListableBeanFactory  - Creating shared instance of singleton bean 'org.springframework.aop.config.internalAutoProxyCreator'
2020-10-27 16:22:17,208 232    [           main] DEBUG ort.DefaultListableBeanFactory  - Creating shared instance of singleton bean 'userService'
2020-10-27 16:22:17,208 232    [           main] DEBUG ort.DefaultListableBeanFactory  - Creating shared instance of singleton bean 'org.springframework.aop.support.DefaultBeanFactoryPointcutAdvisor#0'
2020-10-27 16:22:17,290 314    [           main] DEBUG ort.DefaultListableBeanFactory  - Creating shared instance of singleton bean 'before'
2020-10-27 16:22:17,301 325    [           main] DEBUG ort.DefaultListableBeanFactory  - Creating shared instance of singleton bean 'orderService'
2020-10-27 16:22:35,407 0      [           main] DEBUG ClassPathXmlApplicationContext  - Refreshing org.springframework.context.support.ClassPathXmlApplicationContext@47f37ef1
2020-10-27 16:22:35,558 151    [           main] DEBUG ry.xml.XmlBeanDefinitionReader  - Loaded 6 bean definitions from class path resource [applicationContext.xml]
2020-10-27 16:22:35,579 172    [           main] DEBUG ort.DefaultListableBeanFactory  - Creating shared instance of singleton bean 'org.springframework.aop.config.internalAutoProxyCreator'
2020-10-27 16:22:35,622 215    [           main] DEBUG ort.DefaultListableBeanFactory  - Creating shared instance of singleton bean 'userService'
2020-10-27 16:22:35,623 216    [           main] DEBUG ort.DefaultListableBeanFactory  - Creating shared instance of singleton bean 'org.springframework.aop.support.DefaultBeanFactoryPointcutAdvisor#0'
2020-10-27 16:22:35,737 330    [           main] DEBUG ort.DefaultListableBeanFactory  - Creating shared instance of singleton bean 'before'
2020-10-27 16:22:35,753 346    [           main] DEBUG ort.DefaultListableBeanFactory  - Creating shared instance of singleton bean 'orderService'
2020-10-27 16:30:26,057 0      [           main] DEBUG ClassPathXmlApplicationContext  - Refreshing org.springframework.context.support.ClassPathXmlApplicationContext@47f37ef1
2020-10-27 16:30:26,227 170    [           main] DEBUG ry.xml.XmlBeanDefinitionReader  - Loaded 9 bean definitions from class path resource [applicationContext.xml]
2020-10-27 16:30:26,252 195    [           main] DEBUG ort.DefaultListableBeanFactory  - Creating shared instance of singleton bean 'org.springframework.aop.config.internalAutoProxyCreator'
2020-10-27 16:30:26,308 251    [           main] DEBUG ort.DefaultListableBeanFactory  - Creating shared instance of singleton bean 'userService'
2020-10-27 16:30:26,308 251    [           main] DEBUG ort.DefaultListableBeanFactory  - Creating shared instance of singleton bean 'org.springframework.aop.support.DefaultBeanFactoryPointcutAdvisor#0'
2020-10-27 16:30:26,323 266    [           main] DEBUG ort.DefaultListableBeanFactory  - Creating shared instance of singleton bean 'org.springframework.aop.support.DefaultBeanFactoryPointcutAdvisor#1'
2020-10-27 16:30:26,413 356    [           main] DEBUG ort.DefaultListableBeanFactory  - Creating shared instance of singleton bean 'before'
2020-10-27 16:30:26,415 358    [           main] DEBUG ort.DefaultListableBeanFactory  - Creating shared instance of singleton bean 'beforeNew'
2020-10-27 16:30:26,425 368    [           main] DEBUG ort.DefaultListableBeanFactory  - Creating shared instance of singleton bean 'orderService'
